0 info it worked if it ends with ok
1 verbose cli [ 'C:\\Program Files\\nodejs\\node.exe',
1 verbose cli   'C:\\Program Files\\nodejs\\node_modules\\npm\\bin\\npm-cli.js',
1 verbose cli   'run',
1 verbose cli   'start' ]
2 info using npm@3.10.10
3 info using node@v6.10.0
4 verbose run-script [ 'prestart', 'start', 'poststart' ]
5 info lifecycle lpcrm@0.0.0~prestart: lpcrm@0.0.0
6 silly lifecycle lpcrm@0.0.0~prestart: no script for prestart, continuing
7 info lifecycle lpcrm@0.0.0~start: lpcrm@0.0.0
8 verbose lifecycle lpcrm@0.0.0~start: unsafe-perm in lifecycle true
9 verbose lifecycle lpcrm@0.0.0~start: PATH: C:\Program Files\nodejs\node_modules\npm\bin\node-gyp-bin;D:\Programare\job\CRM LAST ONLINE\node_modules\.bin;C:\oraclexe\app\oracle\product\11.2.0\server\bin;C:\ProgramData\Oracle\Java\javapath;C:\WINDOWS\system32;C:\WINDOWS;C:\WINDOWS\System32\Wbem;C:\WINDOWS\System32\WindowsPowerShell\v1.0\;C:\Program Files (x86)\Skype\Phone\;C:\Program Files\Java\jdk1.8.0_73\bin;C:\Program Files (x86)\apache-maven-3.3.9\bin;C:\Program Files\nodejs\;C:\Program Files\Git\cmd;C:\Program Files\Git\mingw64\bin;C:\Program Files\Git\usr\bin;C:\Users\Daniel\AppData\Local\Microsoft\WindowsApps;C:\Users\Daniel\AppData\Roaming\npm
10 verbose lifecycle lpcrm@0.0.0~start: CWD: D:\Programare\job\CRM LAST ONLINE
11 silly lifecycle lpcrm@0.0.0~start: Args: [ '/d /s /c',
11 silly lifecycle   'ng serve --port 3000 --proxy-config proxy.conf.json' ]
12 silly lifecycle lpcrm@0.0.0~start: Returned: code: 1  signal: null
13 info lifecycle lpcrm@0.0.0~start: Failed to exec start script
14 verbose stack Error: lpcrm@0.0.0 start: `ng serve --port 3000 --proxy-config proxy.conf.json`
14 verbose stack Exit status 1
14 verbose stack     at EventEmitter.<anonymous> (C:\Program Files\nodejs\node_modules\npm\lib\utils\lifecycle.js:255:16)
14 verbose stack     at emitTwo (events.js:106:13)
14 verbose stack     at EventEmitter.emit (events.js:191:7)
14 verbose stack     at ChildProcess.<anonymous> (C:\Program Files\nodejs\node_modules\npm\lib\utils\spawn.js:40:14)
14 verbose stack     at emitTwo (events.js:106:13)
14 verbose stack     at ChildProcess.emit (events.js:191:7)
14 verbose stack     at maybeClose (internal/child_process.js:877:16)
14 verbose stack     at Process.ChildProcess._handle.onexit (internal/child_process.js:226:5)
15 verbose pkgid lpcrm@0.0.0
16 verbose cwd D:\Programare\job\CRM LAST ONLINE
17 error Windows_NT 10.0.14393
18 error argv "C:\\Program Files\\nodejs\\node.exe" "C:\\Program Files\\nodejs\\node_modules\\npm\\bin\\npm-cli.js" "run" "start"
19 error node v6.10.0
20 error npm  v3.10.10
21 error code ELIFECYCLE
22 error lpcrm@0.0.0 start: `ng serve --port 3000 --proxy-config proxy.conf.json`
22 error Exit status 1
23 error Failed at the lpcrm@0.0.0 start script 'ng serve --port 3000 --proxy-config proxy.conf.json'.
23 error Make sure you have the latest version of node.js and npm installed.
23 error If you do, this is most likely a problem with the lpcrm package,
23 error not with npm itself.
23 error Tell the author that this fails on your system:
23 error     ng serve --port 3000 --proxy-config proxy.conf.json
23 error You can get information on how to open an issue for this project with:
23 error     npm bugs lpcrm
23 error Or if that isn't available, you can get their info via:
23 error     npm owner ls lpcrm
23 error There is likely additional logging output above.
24 verbose exit [ 1, true ]
